[  901075ms] [ERROR] Failed to load resource: net::ERR_CONNECTION_REFUSED @ http://localhost:4180/_app/immutable/nodes/5.FmO_XFJn.js:0
[  901077ms] [ERROR] TypeError: Failed to fetch dynamically imported module: http://localhost:4180/_app/immutable/nodes/5.FmO_XFJn.js @ http://localhost:4180/_app/immutable/entry/app.ca6I4dqc.js:1
[  901080ms] [ERROR] Failed to load resource: net::ERR_CONNECTION_REFUSED @ http://localhost:4180/_app/immutable/chunks/Dlj8DxQE.js:0
[  901081ms] [ERROR] Failed to load resource: net::ERR_CONNECTION_REFUSED @ http://localhost:4180/_app/immutable/chunks/QYKmsQYW2.js:0
[ 1446872ms] [ERROR] Failed to load resource: net::ERR_CONNECTION_REFUSED @ http://localhost:4176/favicon.ico:0
[ 1448940ms] [ERROR] Failed to load resource: net::ERR_CONNECTION_REFUSED @ http://localhost:4176/_app/immutable/nodes/4.DhqCv5Zf.js:0
[ 1448940ms] [ERROR] TypeError: Failed to fetch dynamically imported module: http://localhost:4176/_app/immutable/nodes/4.DhqCv5Zf.js @ http://localhost:4176/_app/immutable/entry/app.BZaMdhFL.js:1
[ 1448943ms] [ERROR] Failed to load resource: net::ERR_CONNECTION_REFUSED @ http://localhost:4176/_app/immutable/chunks/Dlj8DxQE.js:0
[ 1449036ms] [ERROR] TypeError: Failed to fetch dynamically imported module: http://localhost:4176/_app/immutable/nodes/4.DhqCv5Zf.js @ http://localhost:4176/_app/immutable/entry/app.BZaMdhFL.js:1
[ 1449064ms] [ERROR] TypeError: Failed to fetch dynamically imported module: http://localhost:4176/_app/immutable/nodes/4.DhqCv5Zf.js @ http://localhost:4176/_app/immutable/entry/app.BZaMdhFL.js:1
[ 1449102ms] [ERROR] TypeError: Failed to fetch dynamically imported module: http://localhost:4176/_app/immutable/nodes/4.DhqCv5Zf.js @ http://localhost:4176/_app/immutable/entry/app.BZaMdhFL.js:1
[ 1449156ms] [ERROR] Failed to load resource: net::ERR_CONNECTION_REFUSED @ http://localhost:4176/_app/version.json:0
[ 1449156ms] [ERROR] TypeError: Failed to fetch dynamically imported module: http://localhost:4176/_app/immutable/nodes/4.DhqCv5Zf.js @ http://localhost:4176/_app/immutable/entry/app.BZaMdhFL.js:1
[ 1449158ms] [ERROR] Failed to load resource: net::ERR_CONNECTION_REFUSED @ http://localhost:4176/_app/version.json:0
[ 1449195ms] [ERROR] Failed to load resource: net::ERR_CONNECTION_REFUSED @ http://localhost:4176/favicon.ico:0
[ 1452775ms] [ERROR] Failed to load resource: net::ERR_CONNECTION_REFUSED @ http://localhost:4176/favicon.ico:0
[ 1468700ms] [ERROR] Failed to load resource: net::ERR_CONNECTION_REFUSED @ http://localhost:4176/images/materials/european-oak.jpg:0
[ 1468700ms] [ERROR] Failed to load resource: net::ERR_CONNECTION_REFUSED @ http://localhost:4176/images/materials/american-walnut.jpg:0
[ 1468700ms] [ERROR] Failed to load resource: net::ERR_CONNECTION_REFUSED @ http://localhost:4176/images/materials/white-ash.jpg:0
[ 1468700ms] [ERROR] Failed to load resource: net::ERR_CONNECTION_REFUSED @ http://localhost:4176/images/materials/painted-finishes.jpg:0
[ 1468781ms] [ERROR] Failed to load resource: net::ERR_CONNECTION_REFUSED @ http://localhost:4176/images/materials/veneer-options.jpg:0
[ 1468781ms] [ERROR] Failed to load resource: net::ERR_CONNECTION_REFUSED @ http://localhost:4176/images/materials/hardware.jpg:0
[ 1844651ms] [ERROR] Failed to load resource: net::ERR_CONNECTION_REFUSED @ http://localhost:4176/favicon.ico:0
[ 1847059ms] [ERROR] Failed to load resource: net::ERR_CONNECTION_REFUSED @ http://localhost:4176/favicon.ico:0
[ 1849383ms] [ERROR] Failed to load resource: net::ERR_CONNECTION_REFUSED @ http://localhost:4176/favicon.ico:0
[ 1849753ms] [ERROR] Failed to load resource: net::ERR_CONNECTION_REFUSED @ http://localhost:4176/favicon.ico:0
[ 1852193ms] [ERROR] Failed to load resource: net::ERR_CONNECTION_REFUSED @ http://localhost:4175/videos/hero.mp4:0
[ 1852267ms] [ERROR] Failed to load resource: net::ERR_CONNECTION_REFUSED @ http://localhost:4175/favicon.ico:0
[ 1855827ms] [ERROR] Failed to load resource: net::ERR_CONNECTION_REFUSED @ http://localhost:4174/favicon.ico:0
[ 1856197ms] [ERROR] Failed to load resource: net::ERR_CONNECTION_REFUSED @ http://localhost:4174/videos/hero.mp4:0
[ 1856221ms] [ERROR] Failed to load resource: net::ERR_CONNECTION_REFUSED @ http://localhost:4174/favicon.ico:0
[ 1857600ms] [ERROR] Failed to load resource: net::ERR_CONNECTION_REFUSED @ http://localhost:4174/videos/hero.mp4:0
[ 1857622ms] [ERROR] Failed to load resource: net::ERR_CONNECTION_REFUSED @ http://localhost:4174/favicon.ico:0
[ 4488033ms] [ERROR] Failed to load resource: net::ERR_CONNECTION_REFUSED @ http://localhost:4183/_app/immutable/nodes/5.BXRBb1Af.js:0
[ 4488033ms] [ERROR] TypeError: Failed to fetch dynamically imported module: http://localhost:4183/_app/immutable/nodes/5.BXRBb1Af.js @ http://localhost:4183/_app/immutable/entry/app.BIq1JFwP.js:1
[ 4488146ms] [ERROR] TypeError: Failed to fetch dynamically imported module: http://localhost:4183/_app/immutable/nodes/5.BXRBb1Af.js @ http://localhost:4183/_app/immutable/entry/app.BIq1JFwP.js:1
[ 4489412ms] [ERROR] Failed to load resource: net::ERR_CONNECTION_REFUSED @ http://localhost:4183/_app/immutable/nodes/10.oKwpF7Ds.js:0
[ 4489412ms] [ERROR] TypeError: Failed to fetch dynamically imported module: http://localhost:4183/_app/immutable/nodes/10.oKwpF7Ds.js @ http://localhost:4183/_app/immutable/entry/app.BIq1JFwP.js:1
[ 4489461ms] [ERROR] TypeError: Failed to fetch dynamically imported module: http://localhost:4183/_app/immutable/nodes/10.oKwpF7Ds.js @ http://localhost:4183/_app/immutable/entry/app.BIq1JFwP.js:1
[ 4489491ms] [ERROR] TypeError: Failed to fetch dynamically imported module: http://localhost:4183/_app/immutable/nodes/10.oKwpF7Ds.js @ http://localhost:4183/_app/immutable/entry/app.BIq1JFwP.js:1
[ 4489559ms] [ERROR] Failed to load resource: net::ERR_CONNECTION_REFUSED @ http://localhost:4183/_app/version.json:0
[ 4489560ms] [ERROR] TypeError: Failed to fetch dynamically imported module: http://localhost:4183/_app/immutable/nodes/10.oKwpF7Ds.js @ http://localhost:4183/_app/immutable/entry/app.BIq1JFwP.js:1
[ 4489561ms] [ERROR] Failed to load resource: net::ERR_CONNECTION_REFUSED @ http://localhost:4183/_app/version.json:0
[ 4492912ms] [ERROR] Failed to load resource: net::ERR_CONNECTION_REFUSED @ http://localhost:4183/_app/immutable/nodes/8.6sn8uYPW.js:0
[ 4492913ms] [ERROR] TypeError: Failed to fetch dynamically imported module: http://localhost:4183/_app/immutable/nodes/8.6sn8uYPW.js @ http://localhost:4183/_app/immutable/entry/app.BIq1JFwP.js:1
[ 4492924ms] [ERROR] TypeError: Failed to fetch dynamically imported module: http://localhost:4183/_app/immutable/nodes/8.6sn8uYPW.js @ http://localhost:4183/_app/immutable/entry/app.BIq1JFwP.js:1
[ 4493043ms] [ERROR] Failed to load resource: net::ERR_CONNECTION_REFUSED @ http://localhost:4183/_app/version.json:0
[ 4493043ms] [ERROR] TypeError: Failed to fetch dynamically imported module: http://localhost:4183/_app/immutable/nodes/8.6sn8uYPW.js @ http://localhost:4183/_app/immutable/entry/app.BIq1JFwP.js:1
[ 4493044ms] [ERROR] Failed to load resource: net::ERR_CONNECTION_REFUSED @ http://localhost:4183/_app/version.json:0
[ 6051247ms] [ERROR] Failed to load resource: net::ERR_EMPTY_RESPONSE @ http://localhost:4185/images/contact-hero.jpg:0
[ 6066673ms] [ERROR] Failed to load resource: net::ERR_CONNECTION_REFUSED @ http://localhost:4185/images/about/workshop.jpg:0
[ 6068138ms] [ERROR] Failed to load resource: net::ERR_CONNECTION_REFUSED @ http://localhost:4185/images/services/custom-wardrobes.jpg:0
[ 6068138ms] [ERROR] Failed to load resource: net::ERR_CONNECTION_REFUSED @ http://localhost:4185/images/services/office-fit-outs.jpg:0
[ 6072822ms] [ERROR] Failed to load resource: net::ERR_CONNECTION_REFUSED @ http://localhost:4185/images/projects/shelbourne-fittings/hero.jpg:0
[ 6072822ms] [ERROR] Failed to load resource: net::ERR_CONNECTION_REFUSED @ http://localhost:4185/images/projects/penthouse-wardrobe-suite/hero.jpg:0
[ 6072822ms] [ERROR] Failed to load resource: net::ERR_CONNECTION_REFUSED @ http://localhost:4185/images/projects/blackrock-kitchen/hero.jpg:0
